1487258496352	geckodriver	INFO	Listening on 127.0.0.1:57578
1487258496700	mozprofile::profile	INFO	Using profile path /var/folders/_s/9vgwfzdx23x6521lwjdxn5v80000gn/T/rust_mozprofile.Gr6FpbiPukUc
1487258496701	geckodriver::marionette	INFO	Starting browser /Applications/Firefox.app/Contents/MacOS/firefox-bin
1487258496860	geckodriver::marionette	INFO	Connecting to Marionette on localhost:57585
[warn] kq_init: detected broken kqueue; not using.: Undefined error: 0
1487258498127	Marionette	INFO	Listening on port 57585
[warn] kq_init: detected broken kqueue; not using.: Undefined error: 0
JavaScript error: resource://gre/modules/LoginManagerParent.jsm, line 77: TypeError: this._recipeManager is null
console.warn: nsLoginManager: searchLogins: `formSubmitURL` or `httpRealm` is recommended
1487258600746	geckodriver	INFO	Listening on 127.0.0.1:57682
1487258601915	mozprofile::profile	INFO	Using profile path /var/folders/_s/9vgwfzdx23x6521lwjdxn5v80000gn/T/rust_mozprofile.DFEeZdChxVLr
1487258601916	geckodriver::marionette	INFO	Starting browser /Applications/Firefox.app/Contents/MacOS/firefox-bin
1487258601919	geckodriver::marionette	INFO	Connecting to Marionette on localhost:57691
[warn] kq_init: detected broken kqueue; not using.: Undefined error: 0
1487258603561	Marionette	INFO	Listening on port 57691
[warn] kq_init: detected broken kqueue; not using.: Undefined error: 0
1487258681801	geckodriver	INFO	Listening on 127.0.0.1:57798
1487258682925	mozprofile::profile	INFO	Using profile path /var/folders/_s/9vgwfzdx23x6521lwjdxn5v80000gn/T/rust_mozprofile.kBs2mb2egWPw
1487258682926	geckodriver::marionette	INFO	Starting browser /Applications/Firefox.app/Contents/MacOS/firefox-bin
1487258682930	geckodriver::marionette	INFO	Connecting to Marionette on localhost:57809
[warn] kq_init: detected broken kqueue; not using.: Undefined error: 0
1487258685148	Marionette	INFO	Listening on port 57809
[warn] kq_init: detected broken kqueue; not using.: Undefined error: 0
1487258891214	geckodriver	INFO	Listening on 127.0.0.1:57911
1487258892457	mozprofile::profile	INFO	Using profile path /var/folders/_s/9vgwfzdx23x6521lwjdxn5v80000gn/T/rust_mozprofile.426QhlAFeQN7
1487258892459	geckodriver::marionette	INFO	Starting browser /Applications/Firefox.app/Contents/MacOS/firefox-bin
1487258892462	geckodriver::marionette	INFO	Connecting to Marionette on localhost:57920
[warn] kq_init: detected broken kqueue; not using.: Undefined error: 0
1487258894119	Marionette	INFO	Listening on port 57920
[warn] kq_init: detected broken kqueue; not using.: Undefined error: 0
JavaScript warning: http://cafe.naver.com/static/js/mycafe/common/storyphoto/original_viewer-1476780396000-41944.js, line 89: unreachable code after return statement
JavaScript warning: http://cafe.naver.com/static/js/mycafe/common/storyphoto/original_viewer-1476780396000-41944.js, line 134: unreachable code after return statement
JavaScript warning: http://cafe.naver.com/static/js/mycafe/common/storyphoto/original_viewer-1476780396000-41944.js, line 89: unreachable code after return statement
JavaScript warning: http://cafe.naver.com/static/js/mycafe/common/storyphoto/original_viewer-1476780396000-41944.js, line 134: unreachable code after return statement
JavaScript warning: http://cafe.naver.com/static/js/mycafe/common/storyphoto/original_viewer-1476780396000-41944.js, line 89: unreachable code after return statement
JavaScript warning: http://cafe.naver.com/static/js/mycafe/common/storyphoto/original_viewer-1476780396000-41944.js, line 134: unreachable code after return statement
JavaScript warning: http://cafe.naver.com/static/js/mycafe/common/storyphoto/original_viewer-1476780396000-41944.js, line 89: unreachable code after return statement
JavaScript warning: http://cafe.naver.com/static/js/mycafe/common/storyphoto/original_viewer-1476780396000-41944.js, line 134: unreachable code after return statement
JavaScript error: resource://gre/modules/LoginManagerParent.jsm, line 77: TypeError: this._recipeManager is null
*************************
A coding exception was thrown and uncaught in a Task.

Full message: TypeError: NetworkError when attempting to fetch resource.
Full stack: 
*************************
1487259637511	geckodriver	INFO	Listening on 127.0.0.1:58758
1487259638636	mozprofile::profile	INFO	Using profile path /var/folders/_s/9vgwfzdx23x6521lwjdxn5v80000gn/T/rust_mozprofile.9WbDya8D0hsZ
1487259638637	geckodriver::marionette	INFO	Starting browser /Applications/Firefox.app/Contents/MacOS/firefox-bin
1487259638643	geckodriver::marionette	INFO	Connecting to Marionette on localhost:58767
[warn] kq_init: detected broken kqueue; not using.: Undefined error: 0
1487259639646	Marionette	INFO	Listening on port 58767
[warn] kq_init: detected broken kqueue; not using.: Undefined error: 0

###!!! [Child][OnMaybeDequeueOne] Error: Channel closing: too late to send/recv, messages will be lost


###!!! [Child][MessageChannel] Error: (msgtype=0x4A00C2,name=PContent::Msg_ConsoleMessage) Channel closing: too late to send/recv, messages will be lost

1487260338648	geckodriver	INFO	Listening on 127.0.0.1:59252
1487260339919	mozprofile::profile	INFO	Using profile path /var/folders/_s/9vgwfzdx23x6521lwjdxn5v80000gn/T/rust_mozprofile.HoaC1A3pmqaa
1487260339921	geckodriver::marionette	INFO	Starting browser /Applications/Firefox.app/Contents/MacOS/firefox-bin
1487260339924	geckodriver::marionette	INFO	Connecting to Marionette on localhost:59262
[warn] kq_init: detected broken kqueue; not using.: Undefined error: 0
1487260340847	Marionette	INFO	Listening on port 59262
[warn] kq_init: detected broken kqueue; not using.: Undefined error: 0
JavaScript warning: http://cafe.naver.com/static/js/mycafe/common/storyphoto/original_viewer-1476780396000-41944.js, line 89: unreachable code after return statement
JavaScript warning: http://cafe.naver.com/static/js/mycafe/common/storyphoto/original_viewer-1476780396000-41944.js, line 134: unreachable code after return statement
JavaScript warning: http://cafe.naver.com/static/js/mycafe/common/storyphoto/original_viewer-1476780396000-41944.js, line 89: unreachable code after return statement
JavaScript warning: http://cafe.naver.com/static/js/mycafe/common/storyphoto/original_viewer-1476780396000-41944.js, line 134: unreachable code after return statement
*************************
A coding exception was thrown and uncaught in a Task.

Full message: TypeError: NetworkError when attempting to fetch resource.
Full stack: 
*************************
1487261077794	geckodriver	INFO	Listening on 127.0.0.1:59678
1487261079582	mozprofile::profile	INFO	Using profile path /var/folders/_s/9vgwfzdx23x6521lwjdxn5v80000gn/T/rust_mozprofile.w3s8fmDVPwHl
1487261079584	geckodriver::marionette	INFO	Starting browser /Applications/Firefox.app/Contents/MacOS/firefox-bin
1487261079593	geckodriver::marionette	INFO	Connecting to Marionette on localhost:59687
[warn] kq_init: detected broken kqueue; not using.: Undefined error: 0
1487261080446	Marionette	INFO	Listening on port 59687
[warn] kq_init: detected broken kqueue; not using.: Undefined error: 0
JavaScript warning: http://cafe.naver.com/static/js/mycafe/common/storyphoto/original_viewer-1476780396000-41944.js, line 89: unreachable code after return statement
JavaScript warning: http://cafe.naver.com/static/js/mycafe/common/storyphoto/original_viewer-1476780396000-41944.js, line 134: unreachable code after return statement
JavaScript warning: http://cafe.naver.com/static/js/mycafe/common/storyphoto/original_viewer-1476780396000-41944.js, line 89: unreachable code after return statement
JavaScript warning: http://cafe.naver.com/static/js/mycafe/common/storyphoto/original_viewer-1476780396000-41944.js, line 134: unreachable code after return statement
1487261445847	geckodriver	INFO	Listening on 127.0.0.1:60005
1487261447008	mozprofile::profile	INFO	Using profile path /var/folders/_s/9vgwfzdx23x6521lwjdxn5v80000gn/T/rust_mozprofile.N6YFvuWRINmp
1487261447009	geckodriver::marionette	INFO	Starting browser /Applications/Firefox.app/Contents/MacOS/firefox-bin
1487261447012	geckodriver::marionette	INFO	Connecting to Marionette on localhost:60014
[warn] kq_init: detected broken kqueue; not using.: Undefined error: 0
1487261448323	Marionette	INFO	Listening on port 60014
[warn] kq_init: detected broken kqueue; not using.: Undefined error: 0
JavaScript warning: http://cafe.naver.com/static/js/mycafe/common/storyphoto/original_viewer-1476780396000-41944.js, line 89: unreachable code after return statement
JavaScript warning: http://cafe.naver.com/static/js/mycafe/common/storyphoto/original_viewer-1476780396000-41944.js, line 134: unreachable code after return statement
JavaScript warning: http://cafe.naver.com/static/js/mycafe/common/storyphoto/original_viewer-1476780396000-41944.js, line 89: unreachable code after return statement
JavaScript warning: http://cafe.naver.com/static/js/mycafe/common/storyphoto/original_viewer-1476780396000-41944.js, line 134: unreachable code after return statement
1487306327948	geckodriver	INFO	Listening on 127.0.0.1:63549
1487306329226	mozprofile::profile	INFO	Using profile path /var/folders/_s/9vgwfzdx23x6521lwjdxn5v80000gn/T/rust_mozprofile.zmjQit21WQ2t
1487306329227	geckodriver::marionette	INFO	Starting browser /Applications/Firefox.app/Contents/MacOS/firefox-bin
1487306329355	geckodriver::marionette	INFO	Connecting to Marionette on localhost:63559
[warn] kq_init: detected broken kqueue; not using.: Undefined error: 0
1487306330922	Marionette	INFO	Listening on port 63559
[warn] kq_init: detected broken kqueue; not using.: Undefined error: 0
*************************
A coding exception was thrown and uncaught in a Task.

Full message: TypeError: NetworkError when attempting to fetch resource.
Full stack: 
*************************
1487307879695	geckodriver	INFO	Listening on 127.0.0.1:64339
1487307881418	mozprofile::profile	INFO	Using profile path /var/folders/_s/9vgwfzdx23x6521lwjdxn5v80000gn/T/rust_mozprofile.KG9jnHs6A9co
1487307881420	geckodriver::marionette	INFO	Starting browser /Applications/Firefox.app/Contents/MacOS/firefox-bin
1487307881423	geckodriver::marionette	INFO	Connecting to Marionette on localhost:64348
[warn] kq_init: detected broken kqueue; not using.: Undefined error: 0
1487307882814	Marionette	INFO	Listening on port 64348
[warn] kq_init: detected broken kqueue; not using.: Undefined error: 0
[warn] kq_init: detected broken kqueue; not using.: Undefined error: 0
1487308227687	geckodriver	INFO	Listening on 127.0.0.1:64479
1487308228871	mozprofile::profile	INFO	Using profile path /var/folders/_s/9vgwfzdx23x6521lwjdxn5v80000gn/T/rust_mozprofile.AMmoCCojjsrP
1487308228872	geckodriver::marionette	INFO	Starting browser /Applications/Firefox.app/Contents/MacOS/firefox-bin
1487308228875	geckodriver::marionette	INFO	Connecting to Marionette on localhost:64488
[warn] kq_init: detected broken kqueue; not using.: Undefined error: 0
1487308229692	Marionette	INFO	Listening on port 64488
[warn] kq_init: detected broken kqueue; not using.: Undefined error: 0
1487308573727	geckodriver	INFO	Listening on 127.0.0.1:64580
1487308574916	mozprofile::profile	INFO	Using profile path /var/folders/_s/9vgwfzdx23x6521lwjdxn5v80000gn/T/rust_mozprofile.Ww3mv1ZdOdo4
1487308574917	geckodriver::marionette	INFO	Starting browser /Applications/Firefox.app/Contents/MacOS/firefox-bin
1487308574920	geckodriver::marionette	INFO	Connecting to Marionette on localhost:64589
[warn] kq_init: detected broken kqueue; not using.: Undefined error: 0
1487308575706	Marionette	INFO	Listening on port 64589
[warn] kq_init: detected broken kqueue; not using.: Undefined error: 0
1487308665292	geckodriver	INFO	Listening on 127.0.0.1:64638
1487308666463	mozprofile::profile	INFO	Using profile path /var/folders/_s/9vgwfzdx23x6521lwjdxn5v80000gn/T/rust_mozprofile.wFFLt1Yx4VyB
1487308666464	geckodriver::marionette	INFO	Starting browser /Applications/Firefox.app/Contents/MacOS/firefox-bin
1487308666466	geckodriver::marionette	INFO	Connecting to Marionette on localhost:64647
[warn] kq_init: detected broken kqueue; not using.: Undefined error: 0
1487308667242	Marionette	INFO	Listening on port 64647
[warn] kq_init: detected broken kqueue; not using.: Undefined error: 0
*************************
A coding exception was thrown and uncaught in a Task.

Full message: TypeError: NetworkError when attempting to fetch resource.
Full stack: 
*************************
JavaScript warning: http://cafe.naver.com/static/js/mycafe/common/storyphoto/original_viewer-1476780396000-41944.js, line 89: unreachable code after return statement
JavaScript warning: http://cafe.naver.com/static/js/mycafe/common/storyphoto/original_viewer-1476780396000-41944.js, line 134: unreachable code after return statement
JavaScript warning: http://cafe.naver.com/static/js/mycafe/common/storyphoto/original_viewer-1476780396000-41944.js, line 89: unreachable code after return statement
JavaScript warning: http://cafe.naver.com/static/js/mycafe/common/storyphoto/original_viewer-1476780396000-41944.js, line 134: unreachable code after return statement
JavaScript error: resource://gre/modules/LoginManagerParent.jsm, line 77: TypeError: this._recipeManager is null
JavaScript error: resource://gre/modules/commonjs/toolkit/loader.js -> resource://devtools/client/inspector/breadcrumbs.js, line 486: TypeError: this.handleMouseLeave is not a function
1487311172742	geckodriver	INFO	Listening on 127.0.0.1:49727
1487311173914	mozprofile::profile	INFO	Using profile path /var/folders/_s/9vgwfzdx23x6521lwjdxn5v80000gn/T/rust_mozprofile.rqTshbCbAmmG
1487311173915	geckodriver::marionette	INFO	Starting browser /Applications/Firefox.app/Contents/MacOS/firefox-bin
1487311173918	geckodriver::marionette	INFO	Connecting to Marionette on localhost:49736
[warn] kq_init: detected broken kqueue; not using.: Undefined error: 0
1487311174702	Marionette	INFO	Listening on port 49736
[warn] kq_init: detected broken kqueue; not using.: Undefined error: 0
JavaScript warning: http://cafe.naver.com/static/js/mycafe/common/storyphoto/original_viewer-1476780396000-41944.js, line 89: unreachable code after return statement
JavaScript warning: http://cafe.naver.com/static/js/mycafe/common/storyphoto/original_viewer-1476780396000-41944.js, line 134: unreachable code after return statement
JavaScript warning: http://cafe.naver.com/static/js/mycafe/common/storyphoto/original_viewer-1476780396000-41944.js, line 89: unreachable code after return statement
JavaScript warning: http://cafe.naver.com/static/js/mycafe/common/storyphoto/original_viewer-1476780396000-41944.js, line 134: unreachable code after return statement
JavaScript error: resource://gre/modules/LoginManagerParent.jsm, line 77: TypeError: this._recipeManager is null
JavaScript error: resource://gre/modules/LoginManagerParent.jsm, line 77: TypeError: this._recipeManager is null
JavaScript error: resource://gre/modules/commonjs/toolkit/loader.js -> resource://devtools/client/inspector/breadcrumbs.js, line 486: TypeError: this.handleMouseLeave is not a function
JavaScript warning: http://cafe.naver.com/static/js/mycafe/common/storyphoto/original_viewer-1476780396000-41944.js, line 89: unreachable code after return statement
JavaScript warning: http://cafe.naver.com/static/js/mycafe/common/storyphoto/original_viewer-1476780396000-41944.js, line 134: unreachable code after return statement
JavaScript warning: http://cafe.naver.com/static/js/mycafe/common/storyphoto/original_viewer-1476780396000-41944.js, line 89: unreachable code after return statement
JavaScript warning: http://cafe.naver.com/static/js/mycafe/common/storyphoto/original_viewer-1476780396000-41944.js, line 134: unreachable code after return statement
*************************
A coding exception was thrown in a Promise resolution callback.
See https://developer.mozilla.org/Mozilla/JavaScript_code_modules/Promise.jsm/Promise

Full message: TypeError: container is undefined
Full stack: MarkupContainer.prototype.updateLevel/<@resource://gre/modules/commonjs/toolkit/loader.js -> resource://devtools/client/inspector/markup/markup.js:2113:44
MarkupContainer.prototype.updateLevel@resource://gre/modules/commonjs/toolkit/loader.js -> resource://devtools/client/inspector/markup/markup.js:2113:7
MarkupContainer.prototype.updateLevel/<@resource://gre/modules/commonjs/toolkit/loader.js -> resource://devtools/client/inspector/markup/markup.js:2113:44
MarkupContainer.prototype.updateLevel@resource://gre/modules/commonjs/toolkit/loader.js -> resource://devtools/client/inspector/markup/markup.js:2113:7
MarkupContainer.prototype.updateLevel/<@resource://gre/modules/commonjs/toolkit/loader.js -> resource://devtools/client/inspector/markup/markup.js:2113:44
MarkupContainer.prototype.updateLevel@resource://gre/modules/commonjs/toolkit/loader.js -> resource://devtools/client/inspector/markup/markup.js:2113:7
MarkupContainer.prototype.updateLevel/<@resource://gre/modules/commonjs/toolkit/loader.js -> resource://devtools/client/inspector/markup/markup.js:2113:44
MarkupContainer.prototype.updateLevel@resource://gre/modules/commonjs/toolkit/loader.js -> resource://devtools/client/inspector/markup/markup.js:2113:7
MarkupContainer.prototype.updateLevel/<@resource://gre/modules/commonjs/toolkit/loader.js -> resource://devtools/client/inspector/markup/markup.js:2113:44
MarkupContainer.prototype.updateLevel@resource://gre/modules/commonjs/toolkit/loader.js -> resource://devtools/client/inspector/markup/markup.js:2113:7
MarkupContainer.prototype.updateLevel/<@resource://gre/modules/commonjs/toolkit/loader.js -> resource://devtools/client/inspector/markup/markup.js:2113:44
MarkupContainer.prototype.updateLevel@resource://gre/modules/commonjs/toolkit/loader.js -> resource://devtools/client/inspector/markup/markup.js:2113:7
MarkupContainer.prototype.updateLevel/<@resource://gre/modules/commonjs/toolkit/loader.js -> resource://devtools/client/inspector/markup/markup.js:2113:44
MarkupContainer.prototype.updateLevel@resource://gre/modules/commonjs/toolkit/loader.js -> resource://devtools/client/inspector/markup/markup.js:2113:7
MarkupView.prototype._mutationObserver/<@resource://gre/modules/commonjs/toolkit/loader.js -> resource://devtools/client/inspector/markup/markup.js:1039:11
Handler.prototype.process@resource://gre/modules/Promise.jsm -> resource://gre/modules/Promise-backend.js:937:23
this.PromiseWalker.walkerLoop@resource://gre/modules/Promise.jsm -> resource://gre/modules/Promise-backend.js:816:7
this.PromiseWalker.scheduleWalkerLoop/<@resource://gre/modules/Promise.jsm -> resource://gre/modules/Promise-backend.js:750:11

*************************
*************************
A coding exception was thrown in a Promise resolution callback.
See https://developer.mozilla.org/Mozilla/JavaScript_code_modules/Promise.jsm/Promise

Full message: TypeError: container is undefined
Full stack: MarkupContainer.prototype.updateLevel/<@resource://gre/modules/commonjs/toolkit/loader.js -> resource://devtools/client/inspector/markup/markup.js:2113:44
MarkupContainer.prototype.updateLevel@resource://gre/modules/commonjs/toolkit/loader.js -> resource://devtools/client/inspector/markup/markup.js:2113:7
MarkupContainer.prototype.updateLevel/<@resource://gre/modules/commonjs/toolkit/loader.js -> resource://devtools/client/inspector/markup/markup.js:2113:44
MarkupContainer.prototype.updateLevel@resource://gre/modules/commonjs/toolkit/loader.js -> resource://devtools/client/inspector/markup/markup.js:2113:7
MarkupContainer.prototype.updateLevel/<@resource://gre/modules/commonjs/toolkit/loader.js -> resource://devtools/client/inspector/markup/markup.js:2113:44
MarkupContainer.prototype.updateLevel@resource://gre/modules/commonjs/toolkit/loader.js -> resource://devtools/client/inspector/markup/markup.js:2113:7
MarkupContainer.prototype.updateLevel/<@resource://gre/modules/commonjs/toolkit/loader.js -> resource://devtools/client/inspector/markup/markup.js:2113:44
MarkupContainer.prototype.updateLevel@resource://gre/modules/commonjs/toolkit/loader.js -> resource://devtools/client/inspector/markup/markup.js:2113:7
MarkupContainer.prototype.updateLevel/<@resource://gre/modules/commonjs/toolkit/loader.js -> resource://devtools/client/inspector/markup/markup.js:2113:44
MarkupContainer.prototype.updateLevel@resource://gre/modules/commonjs/toolkit/loader.js -> resource://devtools/client/inspector/markup/markup.js:2113:7
MarkupContainer.prototype.updateLevel/<@resource://gre/modules/commonjs/toolkit/loader.js -> resource://devtools/client/inspector/markup/markup.js:2113:44
MarkupContainer.prototype.updateLevel@resource://gre/modules/commonjs/toolkit/loader.js -> resource://devtools/client/inspector/markup/markup.js:2113:7
MarkupContainer.prototype.updateLevel/<@resource://gre/modules/commonjs/toolkit/loader.js -> resource://devtools/client/inspector/markup/markup.js:2113:44
MarkupContainer.prototype.updateLevel@resource://gre/modules/commonjs/toolkit/loader.js -> resource://devtools/client/inspector/markup/markup.js:2113:7
MarkupView.prototype._mutationObserver/<@resource://gre/modules/commonjs/toolkit/loader.js -> resource://devtools/client/inspector/markup/markup.js:1039:11
Handler.prototype.process@resource://gre/modules/Promise.jsm -> resource://gre/modules/Promise-backend.js:937:23
this.PromiseWalker.walkerLoop@resource://gre/modules/Promise.jsm -> resource://gre/modules/Promise-backend.js:816:7
this.PromiseWalker.scheduleWalkerLoop/<@resource://gre/modules/Promise.jsm -> resource://gre/modules/Promise-backend.js:750:11

*************************
*************************
A coding exception was thrown in a Promise resolution callback.
See https://developer.mozilla.org/Mozilla/JavaScript_code_modules/Promise.jsm/Promise

Full message: TypeError: container is undefined
Full stack: MarkupContainer.prototype.updateLevel/<@resource://gre/modules/commonjs/toolkit/loader.js -> resource://devtools/client/inspector/markup/markup.js:2113:44
MarkupContainer.prototype.updateLevel@resource://gre/modules/commonjs/toolkit/loader.js -> resource://devtools/client/inspector/markup/markup.js:2113:7
MarkupContainer.prototype.updateLevel/<@resource://gre/modules/commonjs/toolkit/loader.js -> resource://devtools/client/inspector/markup/markup.js:2113:44
MarkupContainer.prototype.updateLevel@resource://gre/modules/commonjs/toolkit/loader.js -> resource://devtools/client/inspector/markup/markup.js:2113:7
MarkupContainer.prototype.updateLevel/<@resource://gre/modules/commonjs/toolkit/loader.js -> resource://devtools/client/inspector/markup/markup.js:2113:44
MarkupContainer.prototype.updateLevel@resource://gre/modules/commonjs/toolkit/loader.js -> resource://devtools/client/inspector/markup/markup.js:2113:7
MarkupContainer.prototype.updateLevel/<@resource://gre/modules/commonjs/toolkit/loader.js -> resource://devtools/client/inspector/markup/markup.js:2113:44
MarkupContainer.prototype.updateLevel@resource://gre/modules/commonjs/toolkit/loader.js -> resource://devtools/client/inspector/markup/markup.js:2113:7
MarkupContainer.prototype.updateLevel/<@resource://gre/modules/commonjs/toolkit/loader.js -> resource://devtools/client/inspector/markup/markup.js:2113:44
MarkupContainer.prototype.updateLevel@resource://gre/modules/commonjs/toolkit/loader.js -> resource://devtools/client/inspector/markup/markup.js:2113:7
MarkupContainer.prototype.updateLevel/<@resource://gre/modules/commonjs/toolkit/loader.js -> resource://devtools/client/inspector/markup/markup.js:2113:44
MarkupContainer.prototype.updateLevel@resource://gre/modules/commonjs/toolkit/loader.js -> resource://devtools/client/inspector/markup/markup.js:2113:7
MarkupContainer.prototype.updateLevel/<@resource://gre/modules/commonjs/toolkit/loader.js -> resource://devtools/client/inspector/markup/markup.js:2113:44
MarkupContainer.prototype.updateLevel@resource://gre/modules/commonjs/toolkit/loader.js -> resource://devtools/client/inspector/markup/markup.js:2113:7
MarkupView.prototype._mutationObserver/<@resource://gre/modules/commonjs/toolkit/loader.js -> resource://devtools/client/inspector/markup/markup.js:1039:11
Handler.prototype.process@resource://gre/modules/Promise.jsm -> resource://gre/modules/Promise-backend.js:937:23
this.PromiseWalker.walkerLoop@resource://gre/modules/Promise.jsm -> resource://gre/modules/Promise-backend.js:816:7
this.PromiseWalker.scheduleWalkerLoop/<@resource://gre/modules/Promise.jsm -> resource://gre/modules/Promise-backend.js:750:11

*************************
*************************
A coding exception was thrown and uncaught in a Task.

Full message: TypeError: NetworkError when attempting to fetch resource.
Full stack: 
*************************
1487312623278	geckodriver	INFO	Listening on 127.0.0.1:50324
1487312624453	mozprofile::profile	INFO	Using profile path /var/folders/_s/9vgwfzdx23x6521lwjdxn5v80000gn/T/rust_mozprofile.lKjE7FkhBCzy
1487312624454	geckodriver::marionette	INFO	Starting browser /Applications/Firefox.app/Contents/MacOS/firefox-bin
1487312624459	geckodriver::marionette	INFO	Connecting to Marionette on localhost:50333
[warn] kq_init: detected broken kqueue; not using.: Undefined error: 0
1487312625356	Marionette	INFO	Listening on port 50333
[warn] kq_init: detected broken kqueue; not using.: Undefined error: 0
JavaScript warning: http://cafe.naver.com/static/js/mycafe/common/storyphoto/original_viewer-1476780396000-41944.js, line 89: unreachable code after return statement
JavaScript warning: http://cafe.naver.com/static/js/mycafe/common/storyphoto/original_viewer-1476780396000-41944.js, line 134: unreachable code after return statement
JavaScript warning: http://cafe.naver.com/static/js/mycafe/common/storyphoto/original_viewer-1476780396000-41944.js, line 89: unreachable code after return statement
JavaScript warning: http://cafe.naver.com/static/js/mycafe/common/storyphoto/original_viewer-1476780396000-41944.js, line 134: unreachable code after return statement
JavaScript warning: http://cafe.naver.com/static/js/mycafe/common/storyphoto/original_viewer-1476780396000-41944.js, line 89: unreachable code after return statement
JavaScript warning: http://cafe.naver.com/static/js/mycafe/common/storyphoto/original_viewer-1476780396000-41944.js, line 134: unreachable code after return statement
JavaScript warning: http://cafe.naver.com/static/js/mycafe/common/storyphoto/original_viewer-1476780396000-41944.js, line 89: unreachable code after return statement
JavaScript warning: http://cafe.naver.com/static/js/mycafe/common/storyphoto/original_viewer-1476780396000-41944.js, line 134: unreachable code after return statement
JavaScript warning: http://cafe.naver.com/static/js/mycafe/common/storyphoto/original_viewer-1476780396000-41944.js, line 89: unreachable code after return statement
JavaScript warning: http://cafe.naver.com/static/js/mycafe/common/storyphoto/original_viewer-1476780396000-41944.js, line 134: unreachable code after return statement
JavaScript warning: http://cafe.naver.com/static/js/mycafe/common/storyphoto/original_viewer-1476780396000-41944.js, line 89: unreachable code after return statement
JavaScript warning: http://cafe.naver.com/static/js/mycafe/common/storyphoto/original_viewer-1476780396000-41944.js, line 134: unreachable code after return statement
JavaScript warning: http://cafe.naver.com/static/js/mycafe/common/storyphoto/original_viewer-1476780396000-41944.js, line 89: unreachable code after return statement
JavaScript warning: http://cafe.naver.com/static/js/mycafe/common/storyphoto/original_viewer-1476780396000-41944.js, line 134: unreachable code after return statement
JavaScript warning: http://cafe.naver.com/static/js/mycafe/common/storyphoto/original_viewer-1476780396000-41944.js, line 89: unreachable code after return statement
JavaScript warning: http://cafe.naver.com/static/js/mycafe/common/storyphoto/original_viewer-1476780396000-41944.js, line 134: unreachable code after return statement
JavaScript error: resource://gre/modules/commonjs/toolkit/loader.js -> resource://devtools/client/inspector/breadcrumbs.js, line 486: TypeError: this.handleMouseLeave is not a function
JavaScript error: resource://gre/modules/commonjs/toolkit/loader.js -> resource://devtools/client/inspector/breadcrumbs.js, line 486: TypeError: this.handleMouseLeave is not a function
*************************
A coding exception was thrown and uncaught in a Task.

Full message: TypeError: NetworkError when attempting to fetch resource.
Full stack: 
*************************
JavaScript error: resource://gre/modules/commonjs/toolkit/loader.js -> resource://devtools/client/inspector/breadcrumbs.js, line 486: TypeError: this.handleMouseLeave is not a function
JavaScript error: resource://gre/modules/commonjs/toolkit/loader.js -> resource://devtools/client/inspector/breadcrumbs.js, line 486: TypeError: this.handleMouseLeave is not a function
[Child 93164] WARNING: pipe error: Broken pipe: file /builds/slave/m-rel-m64-00000000000000000000/build/src/ipc/chromium/src/chrome/common/ipc_channel_posix.cc, line 684
