1493094494266	geckodriver	INFO	Listening on 127.0.0.1:58198
1493094495467	mozprofile::profile	INFO	Using profile path /var/folders/_s/9vgwfzdx23x6521lwjdxn5v80000gn/T/rust_mozprofile.BFUqWozkQxzD
1493094495468	geckodriver::marionette	INFO	Starting browser /Applications/Firefox.app/Contents/MacOS/firefox-bin
1493094495481	geckodriver::marionette	INFO	Connecting to Marionette on localhost:58209
[warn] kq_init: detected broken kqueue; not using.: Undefined error: 0
1493094496160	Marionette	INFO	Listening on port 58209
[warn] kq_init: detected broken kqueue; not using.: Undefined error: 0
*************************
A coding exception was thrown and uncaught in a Task.

Full message: TypeError: this.browserForTab is undefined
Full stack: hasRemotenessChange@chrome://marionette/content/browser.js:233:9
executeWhenReady@chrome://marionette/content/browser.js:264:9
GeckoDriver.prototype.sendAsync@chrome://marionette/content/driver.js:218:5
send/<@chrome://marionette/content/proxy.js:138:7
send@chrome://marionette/content/proxy.js:105:12
ownPriorityGetterTrap.get/<@chrome://marionette/content/proxy.js:24:25
GeckoDriver.prototype.findElement@chrome://marionette/content/driver.js:1691:31
TaskImpl_run@resource://gre/modules/Task.jsm:319:40
TaskImpl@resource://gre/modules/Task.jsm:280:3
createAsyncFunction/asyncFunction@resource://gre/modules/Task.jsm:254:14
Task_spawn@resource://gre/modules/Task.jsm:168:12
TaskImpl_handleResultValue@resource://gre/modules/Task.jsm:388:16
TaskImpl_run@resource://gre/modules/Task.jsm:327:13
TaskImpl@resource://gre/modules/Task.jsm:280:3
createAsyncFunction/asyncFunction@resource://gre/modules/Task.jsm:254:14
Task_spawn@resource://gre/modules/Task.jsm:168:12
Dispatcher.prototype.execute@chrome://marionette/content/dispatcher.js:117:13
Dispatcher.prototype.onPacket@chrome://marionette/content/dispatcher.js:88:5
DebuggerTransport.prototype._onJSONObjectReady/<@chrome://marionette/content/server.js -> resource://devtools/shared/transport/transport.js:482:11
exports.makeInfallible/<@resource://gre/modules/commonjs/toolkit/loader.js -> resource://devtools/shared/ThreadSafeDevToolsUtils.js:101:14
exports.makeInfallible/<@resource://gre/modules/commonjs/toolkit/loader.js -> resource://devtools/shared/ThreadSafeDevToolsUtils.js:101:14

*************************
*************************
A coding exception was thrown and uncaught in a Task.

Full message: TypeError: this.browserForTab is undefined
Full stack: hasRemotenessChange@chrome://marionette/content/browser.js:233:9
executeWhenReady@chrome://marionette/content/browser.js:264:9
GeckoDriver.prototype.sendAsync@chrome://marionette/content/driver.js:218:5
send/<@chrome://marionette/content/proxy.js:138:7
send@chrome://marionette/content/proxy.js:105:12
ownPriorityGetterTrap.get/<@chrome://marionette/content/proxy.js:24:25
GeckoDriver.prototype.findElement@chrome://marionette/content/driver.js:1691:31
TaskImpl_run@resource://gre/modules/Task.jsm:319:40
TaskImpl@resource://gre/modules/Task.jsm:280:3
createAsyncFunction/asyncFunction@resource://gre/modules/Task.jsm:254:14
Task_spawn@resource://gre/modules/Task.jsm:168:12
TaskImpl_handleResultValue@resource://gre/modules/Task.jsm:388:16
TaskImpl_run@resource://gre/modules/Task.jsm:327:13
TaskImpl@resource://gre/modules/Task.jsm:280:3
createAsyncFunction/asyncFunction@resource://gre/modules/Task.jsm:254:14
Task_spawn@resource://gre/modules/Task.jsm:168:12
Dispatcher.prototype.execute@chrome://marionette/content/dispatcher.js:117:13
Dispatcher.prototype.onPacket@chrome://marionette/content/dispatcher.js:88:5
DebuggerTransport.prototype._onJSONObjectReady/<@chrome://marionette/content/server.js -> resource://devtools/shared/transport/transport.js:482:11
exports.makeInfallible/<@resource://gre/modules/commonjs/toolkit/loader.js -> resource://devtools/shared/ThreadSafeDevToolsUtils.js:101:14
exports.makeInfallible/<@resource://gre/modules/commonjs/toolkit/loader.js -> resource://devtools/shared/ThreadSafeDevToolsUtils.js:101:14

*************************
*************************
A coding exception was thrown in a Promise rejection callback.
See https://developer.mozilla.org/Mozilla/JavaScript_code_modules/Promise.jsm/Promise

Full message: TypeError: this.browserForTab is undefined
Full stack: hasRemotenessChange@chrome://marionette/content/browser.js:233:9
executeWhenReady@chrome://marionette/content/browser.js:264:9
GeckoDriver.prototype.sendAsync@chrome://marionette/content/driver.js:218:5
send/<@chrome://marionette/content/proxy.js:138:7
send@chrome://marionette/content/proxy.js:105:12
ownPriorityGetterTrap.get/<@chrome://marionette/content/proxy.js:24:25
GeckoDriver.prototype.findElement@chrome://marionette/content/driver.js:1691:31
TaskImpl_run@resource://gre/modules/Task.jsm:319:40
TaskImpl@resource://gre/modules/Task.jsm:280:3
createAsyncFunction/asyncFunction@resource://gre/modules/Task.jsm:254:14
Task_spawn@resource://gre/modules/Task.jsm:168:12
TaskImpl_handleResultValue@resource://gre/modules/Task.jsm:388:16
TaskImpl_run@resource://gre/modules/Task.jsm:327:13
TaskImpl@resource://gre/modules/Task.jsm:280:3
createAsyncFunction/asyncFunction@resource://gre/modules/Task.jsm:254:14
Task_spawn@resource://gre/modules/Task.jsm:168:12
Dispatcher.prototype.execute@chrome://marionette/content/dispatcher.js:117:13
Dispatcher.prototype.onPacket@chrome://marionette/content/dispatcher.js:88:5
DebuggerTransport.prototype._onJSONObjectReady/<@chrome://marionette/content/server.js -> resource://devtools/shared/transport/transport.js:482:11
exports.makeInfallible/<@resource://gre/modules/commonjs/toolkit/loader.js -> resource://devtools/shared/ThreadSafeDevToolsUtils.js:101:14
exports.makeInfallible/<@resource://gre/modules/commonjs/toolkit/loader.js -> resource://devtools/shared/ThreadSafeDevToolsUtils.js:101:14

*************************
Marionette threw an error: TypeError: this.browserForTab is undefined
hasRemotenessChange@chrome://marionette/content/browser.js:233:9
executeWhenReady@chrome://marionette/content/browser.js:264:9
GeckoDriver.prototype.sendAsync@chrome://marionette/content/driver.js:218:5
send/<@chrome://marionette/content/proxy.js:138:7
send@chrome://marionette/content/proxy.js:105:12
ownPriorityGetterTrap.get/<@chrome://marionette/content/proxy.js:24:25
GeckoDriver.prototype.findElement@chrome://marionette/content/driver.js:1691:31
TaskImpl_run@resource://gre/modules/Task.jsm:319:40
TaskImpl@resource://gre/modules/Task.jsm:280:3
createAsyncFunction/asyncFunction@resource://gre/modules/Task.jsm:254:14
Task_spawn@resource://gre/modules/Task.jsm:168:12
TaskImpl_handleResultValue@resource://gre/modules/Task.jsm:388:16
TaskImpl_run@resource://gre/modules/Task.jsm:327:13
TaskImpl@resource://gre/modules/Task.jsm:280:3
createAsyncFunction/asyncFunction@resource://gre/modules/Task.jsm:254:14
Task_spawn@resource://gre/modules/Task.jsm:168:12
Dispatcher.prototype.execute@chrome://marionette/content/dispatcher.js:117:13
Dispatcher.prototype.onPacket@chrome://marionette/content/dispatcher.js:88:5
DebuggerTransport.prototype._onJSONObjectReady/<@chrome://marionette/content/server.js -> resource://devtools/shared/transport/transport.js:482:11
exports.makeInfallible/<@resource://gre/modules/commonjs/toolkit/loader.js -> resource://devtools/shared/ThreadSafeDevToolsUtils.js:101:14
exports.makeInfallible/<@resource://gre/modules/commonjs/toolkit/loader.js -> resource://devtools/shared/ThreadSafeDevToolsUtils.js:101:14

*************************
A coding exception was thrown and uncaught in a Task.

Full message: TypeError: this.browserForTab is undefined
Full stack: hasRemotenessChange@chrome://marionette/content/browser.js:233:9
executeWhenReady@chrome://marionette/content/browser.js:264:9
GeckoDriver.prototype.sendAsync@chrome://marionette/content/driver.js:218:5
send/<@chrome://marionette/content/proxy.js:138:7
send@chrome://marionette/content/proxy.js:105:12
ownPriorityGetterTrap.get/<@chrome://marionette/content/proxy.js:24:25
GeckoDriver.prototype.findElement@chrome://marionette/content/driver.js:1691:31
TaskImpl_run@resource://gre/modules/Task.jsm:319:40
TaskImpl@resource://gre/modules/Task.jsm:280:3
createAsyncFunction/asyncFunction@resource://gre/modules/Task.jsm:254:14
Task_spawn@resource://gre/modules/Task.jsm:168:12
TaskImpl_handleResultValue@resource://gre/modules/Task.jsm:388:16
TaskImpl_run@resource://gre/modules/Task.jsm:327:13
TaskImpl@resource://gre/modules/Task.jsm:280:3
createAsyncFunction/asyncFunction@resource://gre/modules/Task.jsm:254:14
Task_spawn@resource://gre/modules/Task.jsm:168:12
Dispatcher.prototype.execute@chrome://marionette/content/dispatcher.js:117:13
Dispatcher.prototype.onPacket@chrome://marionette/content/dispatcher.js:88:5
DebuggerTransport.prototype._onJSONObjectReady/<@chrome://marionette/content/server.js -> resource://devtools/shared/transport/transport.js:482:11
exports.makeInfallible/<@resource://gre/modules/commonjs/toolkit/loader.js -> resource://devtools/shared/ThreadSafeDevToolsUtils.js:101:14
exports.makeInfallible/<@resource://gre/modules/commonjs/toolkit/loader.js -> resource://devtools/shared/ThreadSafeDevToolsUtils.js:101:14

*************************
*************************
A coding exception was thrown and uncaught in a Task.

Full message: TypeError: this.browserForTab is undefined
Full stack: hasRemotenessChange@chrome://marionette/content/browser.js:233:9
executeWhenReady@chrome://marionette/content/browser.js:264:9
GeckoDriver.prototype.sendAsync@chrome://marionette/content/driver.js:218:5
send/<@chrome://marionette/content/proxy.js:138:7
send@chrome://marionette/content/proxy.js:105:12
ownPriorityGetterTrap.get/<@chrome://marionette/content/proxy.js:24:25
GeckoDriver.prototype.findElement@chrome://marionette/content/driver.js:1691:31
TaskImpl_run@resource://gre/modules/Task.jsm:319:40
TaskImpl@resource://gre/modules/Task.jsm:280:3
createAsyncFunction/asyncFunction@resource://gre/modules/Task.jsm:254:14
Task_spawn@resource://gre/modules/Task.jsm:168:12
TaskImpl_handleResultValue@resource://gre/modules/Task.jsm:388:16
TaskImpl_run@resource://gre/modules/Task.jsm:327:13
TaskImpl@resource://gre/modules/Task.jsm:280:3
createAsyncFunction/asyncFunction@resource://gre/modules/Task.jsm:254:14
Task_spawn@resource://gre/modules/Task.jsm:168:12
Dispatcher.prototype.execute@chrome://marionette/content/dispatcher.js:117:13
Dispatcher.prototype.onPacket@chrome://marionette/content/dispatcher.js:88:5
DebuggerTransport.prototype._onJSONObjectReady/<@chrome://marionette/content/server.js -> resource://devtools/shared/transport/transport.js:482:11
exports.makeInfallible/<@resource://gre/modules/commonjs/toolkit/loader.js -> resource://devtools/shared/ThreadSafeDevToolsUtils.js:101:14
exports.makeInfallible/<@resource://gre/modules/commonjs/toolkit/loader.js -> resource://devtools/shared/ThreadSafeDevToolsUtils.js:101:14

*************************
*************************
A coding exception was thrown in a Promise rejection callback.
See https://developer.mozilla.org/Mozilla/JavaScript_code_modules/Promise.jsm/Promise

Full message: TypeError: this.browserForTab is undefined
Full stack: hasRemotenessChange@chrome://marionette/content/browser.js:233:9
executeWhenReady@chrome://marionette/content/browser.js:264:9
GeckoDriver.prototype.sendAsync@chrome://marionette/content/driver.js:218:5
send/<@chrome://marionette/content/proxy.js:138:7
send@chrome://marionette/content/proxy.js:105:12
ownPriorityGetterTrap.get/<@chrome://marionette/content/proxy.js:24:25
GeckoDriver.prototype.findElement@chrome://marionette/content/driver.js:1691:31
TaskImpl_run@resource://gre/modules/Task.jsm:319:40
TaskImpl@resource://gre/modules/Task.jsm:280:3
createAsyncFunction/asyncFunction@resource://gre/modules/Task.jsm:254:14
Task_spawn@resource://gre/modules/Task.jsm:168:12
TaskImpl_handleResultValue@resource://gre/modules/Task.jsm:388:16
TaskImpl_run@resource://gre/modules/Task.jsm:327:13
TaskImpl@resource://gre/modules/Task.jsm:280:3
createAsyncFunction/asyncFunction@resource://gre/modules/Task.jsm:254:14
Task_spawn@resource://gre/modules/Task.jsm:168:12
Dispatcher.prototype.execute@chrome://marionette/content/dispatcher.js:117:13
Dispatcher.prototype.onPacket@chrome://marionette/content/dispatcher.js:88:5
DebuggerTransport.prototype._onJSONObjectReady/<@chrome://marionette/content/server.js -> resource://devtools/shared/transport/transport.js:482:11
exports.makeInfallible/<@resource://gre/modules/commonjs/toolkit/loader.js -> resource://devtools/shared/ThreadSafeDevToolsUtils.js:101:14
exports.makeInfallible/<@resource://gre/modules/commonjs/toolkit/loader.js -> resource://devtools/shared/ThreadSafeDevToolsUtils.js:101:14

*************************
Marionette threw an error: TypeError: this.browserForTab is undefined
hasRemotenessChange@chrome://marionette/content/browser.js:233:9
executeWhenReady@chrome://marionette/content/browser.js:264:9
GeckoDriver.prototype.sendAsync@chrome://marionette/content/driver.js:218:5
send/<@chrome://marionette/content/proxy.js:138:7
send@chrome://marionette/content/proxy.js:105:12
ownPriorityGetterTrap.get/<@chrome://marionette/content/proxy.js:24:25
GeckoDriver.prototype.findElement@chrome://marionette/content/driver.js:1691:31
TaskImpl_run@resource://gre/modules/Task.jsm:319:40
TaskImpl@resource://gre/modules/Task.jsm:280:3
createAsyncFunction/asyncFunction@resource://gre/modules/Task.jsm:254:14
Task_spawn@resource://gre/modules/Task.jsm:168:12
TaskImpl_handleResultValue@resource://gre/modules/Task.jsm:388:16
TaskImpl_run@resource://gre/modules/Task.jsm:327:13
TaskImpl@resource://gre/modules/Task.jsm:280:3
createAsyncFunction/asyncFunction@resource://gre/modules/Task.jsm:254:14
Task_spawn@resource://gre/modules/Task.jsm:168:12
Dispatcher.prototype.execute@chrome://marionette/content/dispatcher.js:117:13
Dispatcher.prototype.onPacket@chrome://marionette/content/dispatcher.js:88:5
DebuggerTransport.prototype._onJSONObjectReady/<@chrome://marionette/content/server.js -> resource://devtools/shared/transport/transport.js:482:11
exports.makeInfallible/<@resource://gre/modules/commonjs/toolkit/loader.js -> resource://devtools/shared/ThreadSafeDevToolsUtils.js:101:14
exports.makeInfallible/<@resource://gre/modules/commonjs/toolkit/loader.js -> resource://devtools/shared/ThreadSafeDevToolsUtils.js:101:14

*************************
A coding exception was thrown and uncaught in a Task.

Full message: TypeError: this.browserForTab is undefined
Full stack: hasRemotenessChange@chrome://marionette/content/browser.js:233:9
executeWhenReady@chrome://marionette/content/browser.js:264:9
GeckoDriver.prototype.sendAsync@chrome://marionette/content/driver.js:218:5
send/<@chrome://marionette/content/proxy.js:138:7
send@chrome://marionette/content/proxy.js:105:12
ownPriorityGetterTrap.get/<@chrome://marionette/content/proxy.js:24:25
GeckoDriver.prototype.findElement@chrome://marionette/content/driver.js:1691:31
TaskImpl_run@resource://gre/modules/Task.jsm:319:40
TaskImpl@resource://gre/modules/Task.jsm:280:3
createAsyncFunction/asyncFunction@resource://gre/modules/Task.jsm:254:14
Task_spawn@resource://gre/modules/Task.jsm:168:12
TaskImpl_handleResultValue@resource://gre/modules/Task.jsm:388:16
TaskImpl_run@resource://gre/modules/Task.jsm:327:13
TaskImpl@resource://gre/modules/Task.jsm:280:3
createAsyncFunction/asyncFunction@resource://gre/modules/Task.jsm:254:14
Task_spawn@resource://gre/modules/Task.jsm:168:12
Dispatcher.prototype.execute@chrome://marionette/content/dispatcher.js:117:13
Dispatcher.prototype.onPacket@chrome://marionette/content/dispatcher.js:88:5
DebuggerTransport.prototype._onJSONObjectReady/<@chrome://marionette/content/server.js -> resource://devtools/shared/transport/transport.js:482:11
exports.makeInfallible/<@resource://gre/modules/commonjs/toolkit/loader.js -> resource://devtools/shared/ThreadSafeDevToolsUtils.js:101:14
exports.makeInfallible/<@resource://gre/modules/commonjs/toolkit/loader.js -> resource://devtools/shared/ThreadSafeDevToolsUtils.js:101:14

*************************
*************************
A coding exception was thrown and uncaught in a Task.

Full message: TypeError: this.browserForTab is undefined
Full stack: hasRemotenessChange@chrome://marionette/content/browser.js:233:9
executeWhenReady@chrome://marionette/content/browser.js:264:9
GeckoDriver.prototype.sendAsync@chrome://marionette/content/driver.js:218:5
send/<@chrome://marionette/content/proxy.js:138:7
send@chrome://marionette/content/proxy.js:105:12
ownPriorityGetterTrap.get/<@chrome://marionette/content/proxy.js:24:25
GeckoDriver.prototype.findElement@chrome://marionette/content/driver.js:1691:31
TaskImpl_run@resource://gre/modules/Task.jsm:319:40
TaskImpl@resource://gre/modules/Task.jsm:280:3
createAsyncFunction/asyncFunction@resource://gre/modules/Task.jsm:254:14
Task_spawn@resource://gre/modules/Task.jsm:168:12
TaskImpl_handleResultValue@resource://gre/modules/Task.jsm:388:16
TaskImpl_run@resource://gre/modules/Task.jsm:327:13
TaskImpl@resource://gre/modules/Task.jsm:280:3
createAsyncFunction/asyncFunction@resource://gre/modules/Task.jsm:254:14
Task_spawn@resource://gre/modules/Task.jsm:168:12
Dispatcher.prototype.execute@chrome://marionette/content/dispatcher.js:117:13
Dispatcher.prototype.onPacket@chrome://marionette/content/dispatcher.js:88:5
DebuggerTransport.prototype._onJSONObjectReady/<@chrome://marionette/content/server.js -> resource://devtools/shared/transport/transport.js:482:11
exports.makeInfallible/<@resource://gre/modules/commonjs/toolkit/loader.js -> resource://devtools/shared/ThreadSafeDevToolsUtils.js:101:14
exports.makeInfallible/<@resource://gre/modules/commonjs/toolkit/loader.js -> resource://devtools/shared/ThreadSafeDevToolsUtils.js:101:14

*************************
*************************
A coding exception was thrown in a Promise rejection callback.
See https://developer.mozilla.org/Mozilla/JavaScript_code_modules/Promise.jsm/Promise

Full message: TypeError: this.browserForTab is undefined
Full stack: hasRemotenessChange@chrome://marionette/content/browser.js:233:9
executeWhenReady@chrome://marionette/content/browser.js:264:9
GeckoDriver.prototype.sendAsync@chrome://marionette/content/driver.js:218:5
send/<@chrome://marionette/content/proxy.js:138:7
send@chrome://marionette/content/proxy.js:105:12
ownPriorityGetterTrap.get/<@chrome://marionette/content/proxy.js:24:25
GeckoDriver.prototype.findElement@chrome://marionette/content/driver.js:1691:31
TaskImpl_run@resource://gre/modules/Task.jsm:319:40
TaskImpl@resource://gre/modules/Task.jsm:280:3
createAsyncFunction/asyncFunction@resource://gre/modules/Task.jsm:254:14
Task_spawn@resource://gre/modules/Task.jsm:168:12
TaskImpl_handleResultValue@resource://gre/modules/Task.jsm:388:16
TaskImpl_run@resource://gre/modules/Task.jsm:327:13
TaskImpl@resource://gre/modules/Task.jsm:280:3
createAsyncFunction/asyncFunction@resource://gre/modules/Task.jsm:254:14
Task_spawn@resource://gre/modules/Task.jsm:168:12
Dispatcher.prototype.execute@chrome://marionette/content/dispatcher.js:117:13
Dispatcher.prototype.onPacket@chrome://marionette/content/dispatcher.js:88:5
DebuggerTransport.prototype._onJSONObjectReady/<@chrome://marionette/content/server.js -> resource://devtools/shared/transport/transport.js:482:11
exports.makeInfallible/<@resource://gre/modules/commonjs/toolkit/loader.js -> resource://devtools/shared/ThreadSafeDevToolsUtils.js:101:14
exports.makeInfallible/<@resource://gre/modules/commonjs/toolkit/loader.js -> resource://devtools/shared/ThreadSafeDevToolsUtils.js:101:14

*************************
Marionette threw an error: TypeError: this.browserForTab is undefined
hasRemotenessChange@chrome://marionette/content/browser.js:233:9
executeWhenReady@chrome://marionette/content/browser.js:264:9
GeckoDriver.prototype.sendAsync@chrome://marionette/content/driver.js:218:5
send/<@chrome://marionette/content/proxy.js:138:7
send@chrome://marionette/content/proxy.js:105:12
ownPriorityGetterTrap.get/<@chrome://marionette/content/proxy.js:24:25
GeckoDriver.prototype.findElement@chrome://marionette/content/driver.js:1691:31
TaskImpl_run@resource://gre/modules/Task.jsm:319:40
TaskImpl@resource://gre/modules/Task.jsm:280:3
createAsyncFunction/asyncFunction@resource://gre/modules/Task.jsm:254:14
Task_spawn@resource://gre/modules/Task.jsm:168:12
TaskImpl_handleResultValue@resource://gre/modules/Task.jsm:388:16
TaskImpl_run@resource://gre/modules/Task.jsm:327:13
TaskImpl@resource://gre/modules/Task.jsm:280:3
createAsyncFunction/asyncFunction@resource://gre/modules/Task.jsm:254:14
Task_spawn@resource://gre/modules/Task.jsm:168:12
Dispatcher.prototype.execute@chrome://marionette/content/dispatcher.js:117:13
Dispatcher.prototype.onPacket@chrome://marionette/content/dispatcher.js:88:5
DebuggerTransport.prototype._onJSONObjectReady/<@chrome://marionette/content/server.js -> resource://devtools/shared/transport/transport.js:482:11
exports.makeInfallible/<@resource://gre/modules/commonjs/toolkit/loader.js -> resource://devtools/shared/ThreadSafeDevToolsUtils.js:101:14
exports.makeInfallible/<@resource://gre/modules/commonjs/toolkit/loader.js -> resource://devtools/shared/ThreadSafeDevToolsUtils.js:101:14

1493095120763	geckodriver	INFO	Listening on 127.0.0.1:60303
1493095121831	mozprofile::profile	INFO	Using profile path /var/folders/_s/9vgwfzdx23x6521lwjdxn5v80000gn/T/rust_mozprofile.sC9OOFfOVSvC
1493095121832	geckodriver::marionette	INFO	Starting browser /Applications/Firefox.app/Contents/MacOS/firefox-bin
1493095121835	geckodriver::marionette	INFO	Connecting to Marionette on localhost:60318
[warn] kq_init: detected broken kqueue; not using.: Undefined error: 0
1493095122424	Marionette	INFO	Listening on port 60318
[warn] kq_init: detected broken kqueue; not using.: Undefined error: 0
*************************
A coding exception was thrown and uncaught in a Task.

Full message: TypeError: NetworkError when attempting to fetch resource.
Full stack: 
*************************
*************************
A coding exception was thrown and uncaught in a Task.

Full message: TypeError: this.browserForTab is undefined
Full stack: hasRemotenessChange@chrome://marionette/content/browser.js:233:9
executeWhenReady@chrome://marionette/content/browser.js:264:9
GeckoDriver.prototype.sendAsync@chrome://marionette/content/driver.js:218:5
send/<@chrome://marionette/content/proxy.js:138:7
send@chrome://marionette/content/proxy.js:105:12
ownPriorityGetterTrap.get/<@chrome://marionette/content/proxy.js:24:25
GeckoDriver.prototype.findElement@chrome://marionette/content/driver.js:1691:31
TaskImpl_run@resource://gre/modules/Task.jsm:319:40
TaskImpl@resource://gre/modules/Task.jsm:280:3
createAsyncFunction/asyncFunction@resource://gre/modules/Task.jsm:254:14
Task_spawn@resource://gre/modules/Task.jsm:168:12
TaskImpl_handleResultValue@resource://gre/modules/Task.jsm:388:16
TaskImpl_run@resource://gre/modules/Task.jsm:327:13
TaskImpl@resource://gre/modules/Task.jsm:280:3
createAsyncFunction/asyncFunction@resource://gre/modules/Task.jsm:254:14
Task_spawn@resource://gre/modules/Task.jsm:168:12
Dispatcher.prototype.execute@chrome://marionette/content/dispatcher.js:117:13
Dispatcher.prototype.onPacket@chrome://marionette/content/dispatcher.js:88:5
DebuggerTransport.prototype._onJSONObjectReady/<@chrome://marionette/content/server.js -> resource://devtools/shared/transport/transport.js:482:11
exports.makeInfallible/<@resource://gre/modules/commonjs/toolkit/loader.js -> resource://devtools/shared/ThreadSafeDevToolsUtils.js:101:14
exports.makeInfallible/<@resource://gre/modules/commonjs/toolkit/loader.js -> resource://devtools/shared/ThreadSafeDevToolsUtils.js:101:14

*************************
*************************
A coding exception was thrown and uncaught in a Task.

Full message: TypeError: this.browserForTab is undefined
Full stack: hasRemotenessChange@chrome://marionette/content/browser.js:233:9
executeWhenReady@chrome://marionette/content/browser.js:264:9
GeckoDriver.prototype.sendAsync@chrome://marionette/content/driver.js:218:5
send/<@chrome://marionette/content/proxy.js:138:7
send@chrome://marionette/content/proxy.js:105:12
ownPriorityGetterTrap.get/<@chrome://marionette/content/proxy.js:24:25
GeckoDriver.prototype.findElement@chrome://marionette/content/driver.js:1691:31
TaskImpl_run@resource://gre/modules/Task.jsm:319:40
TaskImpl@resource://gre/modules/Task.jsm:280:3
createAsyncFunction/asyncFunction@resource://gre/modules/Task.jsm:254:14
Task_spawn@resource://gre/modules/Task.jsm:168:12
TaskImpl_handleResultValue@resource://gre/modules/Task.jsm:388:16
TaskImpl_run@resource://gre/modules/Task.jsm:327:13
TaskImpl@resource://gre/modules/Task.jsm:280:3
createAsyncFunction/asyncFunction@resource://gre/modules/Task.jsm:254:14
Task_spawn@resource://gre/modules/Task.jsm:168:12
Dispatcher.prototype.execute@chrome://marionette/content/dispatcher.js:117:13
Dispatcher.prototype.onPacket@chrome://marionette/content/dispatcher.js:88:5
DebuggerTransport.prototype._onJSONObjectReady/<@chrome://marionette/content/server.js -> resource://devtools/shared/transport/transport.js:482:11
exports.makeInfallible/<@resource://gre/modules/commonjs/toolkit/loader.js -> resource://devtools/shared/ThreadSafeDevToolsUtils.js:101:14
exports.makeInfallible/<@resource://gre/modules/commonjs/toolkit/loader.js -> resource://devtools/shared/ThreadSafeDevToolsUtils.js:101:14

*************************
*************************
A coding exception was thrown in a Promise rejection callback.
See https://developer.mozilla.org/Mozilla/JavaScript_code_modules/Promise.jsm/Promise

Full message: TypeError: this.browserForTab is undefined
Full stack: hasRemotenessChange@chrome://marionette/content/browser.js:233:9
executeWhenReady@chrome://marionette/content/browser.js:264:9
GeckoDriver.prototype.sendAsync@chrome://marionette/content/driver.js:218:5
send/<@chrome://marionette/content/proxy.js:138:7
send@chrome://marionette/content/proxy.js:105:12
ownPriorityGetterTrap.get/<@chrome://marionette/content/proxy.js:24:25
GeckoDriver.prototype.findElement@chrome://marionette/content/driver.js:1691:31
TaskImpl_run@resource://gre/modules/Task.jsm:319:40
TaskImpl@resource://gre/modules/Task.jsm:280:3
createAsyncFunction/asyncFunction@resource://gre/modules/Task.jsm:254:14
Task_spawn@resource://gre/modules/Task.jsm:168:12
TaskImpl_handleResultValue@resource://gre/modules/Task.jsm:388:16
TaskImpl_run@resource://gre/modules/Task.jsm:327:13
TaskImpl@resource://gre/modules/Task.jsm:280:3
createAsyncFunction/asyncFunction@resource://gre/modules/Task.jsm:254:14
Task_spawn@resource://gre/modules/Task.jsm:168:12
Dispatcher.prototype.execute@chrome://marionette/content/dispatcher.js:117:13
Dispatcher.prototype.onPacket@chrome://marionette/content/dispatcher.js:88:5
DebuggerTransport.prototype._onJSONObjectReady/<@chrome://marionette/content/server.js -> resource://devtools/shared/transport/transport.js:482:11
exports.makeInfallible/<@resource://gre/modules/commonjs/toolkit/loader.js -> resource://devtools/shared/ThreadSafeDevToolsUtils.js:101:14
exports.makeInfallible/<@resource://gre/modules/commonjs/toolkit/loader.js -> resource://devtools/shared/ThreadSafeDevToolsUtils.js:101:14

*************************
Marionette threw an error: TypeError: this.browserForTab is undefined
hasRemotenessChange@chrome://marionette/content/browser.js:233:9
executeWhenReady@chrome://marionette/content/browser.js:264:9
GeckoDriver.prototype.sendAsync@chrome://marionette/content/driver.js:218:5
send/<@chrome://marionette/content/proxy.js:138:7
send@chrome://marionette/content/proxy.js:105:12
ownPriorityGetterTrap.get/<@chrome://marionette/content/proxy.js:24:25
GeckoDriver.prototype.findElement@chrome://marionette/content/driver.js:1691:31
TaskImpl_run@resource://gre/modules/Task.jsm:319:40
TaskImpl@resource://gre/modules/Task.jsm:280:3
createAsyncFunction/asyncFunction@resource://gre/modules/Task.jsm:254:14
Task_spawn@resource://gre/modules/Task.jsm:168:12
TaskImpl_handleResultValue@resource://gre/modules/Task.jsm:388:16
TaskImpl_run@resource://gre/modules/Task.jsm:327:13
TaskImpl@resource://gre/modules/Task.jsm:280:3
createAsyncFunction/asyncFunction@resource://gre/modules/Task.jsm:254:14
Task_spawn@resource://gre/modules/Task.jsm:168:12
Dispatcher.prototype.execute@chrome://marionette/content/dispatcher.js:117:13
Dispatcher.prototype.onPacket@chrome://marionette/content/dispatcher.js:88:5
DebuggerTransport.prototype._onJSONObjectReady/<@chrome://marionette/content/server.js -> resource://devtools/shared/transport/transport.js:482:11
exports.makeInfallible/<@resource://gre/modules/commonjs/toolkit/loader.js -> resource://devtools/shared/ThreadSafeDevToolsUtils.js:101:14
exports.makeInfallible/<@resource://gre/modules/commonjs/toolkit/loader.js -> resource://devtools/shared/ThreadSafeDevToolsUtils.js:101:14

1493095617096	geckodriver	INFO	Listening on 127.0.0.1:63320
1493095618158	mozprofile::profile	INFO	Using profile path /var/folders/_s/9vgwfzdx23x6521lwjdxn5v80000gn/T/rust_mozprofile.Hz7DfXaZs7MB
1493095618160	geckodriver::marionette	INFO	Starting browser /Applications/Firefox.app/Contents/MacOS/firefox-bin
1493095618163	geckodriver::marionette	INFO	Connecting to Marionette on localhost:63335
[warn] kq_init: detected broken kqueue; not using.: Undefined error: 0
1493095618680	Marionette	INFO	Listening on port 63335
[warn] kq_init: detected broken kqueue; not using.: Undefined error: 0
1493095684218	geckodriver	INFO	Listening on 127.0.0.1:63760
1493095686035	mozprofile::profile	INFO	Using profile path /var/folders/_s/9vgwfzdx23x6521lwjdxn5v80000gn/T/rust_mozprofile.6gKziPodRGlq
1493095686037	geckodriver::marionette	INFO	Starting browser /Applications/Firefox.app/Contents/MacOS/firefox-bin
1493095686047	geckodriver::marionette	INFO	Connecting to Marionette on localhost:63775
[warn] kq_init: detected broken kqueue; not using.: Undefined error: 0
1493095687727	Marionette	INFO	Listening on port 63775
[warn] kq_init: detected broken kqueue; not using.: Undefined error: 0
1493095719291	geckodriver	INFO	Listening on 127.0.0.1:64035
1493095720413	mozprofile::profile	INFO	Using profile path /var/folders/_s/9vgwfzdx23x6521lwjdxn5v80000gn/T/rust_mozprofile.nWekf2kt6xPO
1493095720414	geckodriver::marionette	INFO	Starting browser /Applications/Firefox.app/Contents/MacOS/firefox-bin
1493095720417	geckodriver::marionette	INFO	Connecting to Marionette on localhost:64050
[warn] kq_init: detected broken kqueue; not using.: Undefined error: 0
1493095721043	Marionette	INFO	Listening on port 64050
[warn] kq_init: detected broken kqueue; not using.: Undefined error: 0
1493096408593	geckodriver	INFO	Listening on 127.0.0.1:51675
1493096409660	mozprofile::profile	INFO	Using profile path /var/folders/_s/9vgwfzdx23x6521lwjdxn5v80000gn/T/rust_mozprofile.8T6oqUgIVsCN
1493096409661	geckodriver::marionette	INFO	Starting browser /Applications/Firefox.app/Contents/MacOS/firefox-bin
1493096409664	geckodriver::marionette	INFO	Connecting to Marionette on localhost:51690
[warn] kq_init: detected broken kqueue; not using.: Undefined error: 0
1493096410160	Marionette	INFO	Listening on port 51690
[warn] kq_init: detected broken kqueue; not using.: Undefined error: 0
1493096449707	geckodriver	INFO	Listening on 127.0.0.1:51967
1493096450786	mozprofile::profile	INFO	Using profile path /var/folders/_s/9vgwfzdx23x6521lwjdxn5v80000gn/T/rust_mozprofile.sOcpeyUwHfpD
1493096450787	geckodriver::marionette	INFO	Starting browser /Applications/Firefox.app/Contents/MacOS/firefox-bin
1493096450791	geckodriver::marionette	INFO	Connecting to Marionette on localhost:51982
[warn] kq_init: detected broken kqueue; not using.: Undefined error: 0
1493096451432	Marionette	INFO	Listening on port 51982
[warn] kq_init: detected broken kqueue; not using.: Undefined error: 0
*************************
A coding exception was thrown and uncaught in a Task.

Full message: TypeError: NetworkError when attempting to fetch resource.
Full stack: 
*************************
1493096472481	geckodriver	INFO	Listening on 127.0.0.1:52152
1493096473892	mozprofile::profile	INFO	Using profile path /var/folders/_s/9vgwfzdx23x6521lwjdxn5v80000gn/T/rust_mozprofile.6ZZW216N5MpO
1493096473897	geckodriver::marionette	INFO	Starting browser /Applications/Firefox.app/Contents/MacOS/firefox-bin
1493096473911	geckodriver::marionette	INFO	Connecting to Marionette on localhost:52167
[warn] kq_init: detected broken kqueue; not using.: Undefined error: 0
1493096475927	Marionette	INFO	Listening on port 52167
[warn] kq_init: detected broken kqueue; not using.: Undefined error: 0
1493096527670	geckodriver	INFO	Listening on 127.0.0.1:52547
1493096528821	mozprofile::profile	INFO	Using profile path /var/folders/_s/9vgwfzdx23x6521lwjdxn5v80000gn/T/rust_mozprofile.H91y7MMIKy2n
1493096528822	geckodriver::marionette	INFO	Starting browser /Applications/Firefox.app/Contents/MacOS/firefox-bin
1493096528825	geckodriver::marionette	INFO	Connecting to Marionette on localhost:52562
[warn] kq_init: detected broken kqueue; not using.: Undefined error: 0
1493096529468	Marionette	INFO	Listening on port 52562
[warn] kq_init: detected broken kqueue; not using.: Undefined error: 0
1493096543037	geckodriver	INFO	Listening on 127.0.0.1:52691
1493096544145	mozprofile::profile	INFO	Using profile path /var/folders/_s/9vgwfzdx23x6521lwjdxn5v80000gn/T/rust_mozprofile.ayJyxrZKi7vu
1493096544146	geckodriver::marionette	INFO	Starting browser /Applications/Firefox.app/Contents/MacOS/firefox-bin
1493096544150	geckodriver::marionette	INFO	Connecting to Marionette on localhost:52706
[warn] kq_init: detected broken kqueue; not using.: Undefined error: 0
1493096544750	Marionette	INFO	Listening on port 52706
[warn] kq_init: detected broken kqueue; not using.: Undefined error: 0
1493096725922	geckodriver	INFO	Listening on 127.0.0.1:53844
1493096727045	mozprofile::profile	INFO	Using profile path /var/folders/_s/9vgwfzdx23x6521lwjdxn5v80000gn/T/rust_mozprofile.CM0Zwvhld5Bu
1493096727046	geckodriver::marionette	INFO	Starting browser /Applications/Firefox.app/Contents/MacOS/firefox-bin
1493096727049	geckodriver::marionette	INFO	Connecting to Marionette on localhost:53859
[warn] kq_init: detected broken kqueue; not using.: Undefined error: 0
1493096727715	Marionette	INFO	Listening on port 53859
[warn] kq_init: detected broken kqueue; not using.: Undefined error: 0
1493097797062	geckodriver	INFO	Listening on 127.0.0.1:59703
1493097798160	mozprofile::profile	INFO	Using profile path /var/folders/_s/9vgwfzdx23x6521lwjdxn5v80000gn/T/rust_mozprofile.hdobdf9GDJXI
1493097798161	geckodriver::marionette	INFO	Starting browser /Applications/Firefox.app/Contents/MacOS/firefox-bin
1493097798164	geckodriver::marionette	INFO	Connecting to Marionette on localhost:59714
[warn] kq_init: detected broken kqueue; not using.: Undefined error: 0
1493097798794	Marionette	INFO	Listening on port 59714
[warn] kq_init: detected broken kqueue; not using.: Undefined error: 0
1493098075556	geckodriver	INFO	Listening on 127.0.0.1:61161
1493098076621	mozprofile::profile	INFO	Using profile path /var/folders/_s/9vgwfzdx23x6521lwjdxn5v80000gn/T/rust_mozprofile.IpegBjj0zZvt
1493098076622	geckodriver::marionette	INFO	Starting browser /Applications/Firefox.app/Contents/MacOS/firefox-bin
1493098076625	geckodriver::marionette	INFO	Connecting to Marionette on localhost:61176
[warn] kq_init: detected broken kqueue; not using.: Undefined error: 0
1493098077134	Marionette	INFO	Listening on port 61176
[warn] kq_init: detected broken kqueue; not using.: Undefined error: 0
1493098169243	geckodriver	INFO	Listening on 127.0.0.1:61775
1493098170399	mozprofile::profile	INFO	Using profile path /var/folders/_s/9vgwfzdx23x6521lwjdxn5v80000gn/T/rust_mozprofile.54g4jLSgxcVp
1493098170400	geckodriver::marionette	INFO	Starting browser /Applications/Firefox.app/Contents/MacOS/firefox-bin
1493098170404	geckodriver::marionette	INFO	Connecting to Marionette on localhost:61790
[warn] kq_init: detected broken kqueue; not using.: Undefined error: 0
1493098171169	Marionette	INFO	Listening on port 61790
[warn] kq_init: detected broken kqueue; not using.: Undefined error: 0
1493098187925	geckodriver	INFO	Listening on 127.0.0.1:61944
1493098188997	mozprofile::profile	INFO	Using profile path /var/folders/_s/9vgwfzdx23x6521lwjdxn5v80000gn/T/rust_mozprofile.k8IgkAXvE9d0
1493098188998	geckodriver::marionette	INFO	Starting browser /Applications/Firefox.app/Contents/MacOS/firefox-bin
1493098189002	geckodriver::marionette	INFO	Connecting to Marionette on localhost:61959
[warn] kq_init: detected broken kqueue; not using.: Undefined error: 0
1493098189674	Marionette	INFO	Listening on port 61959
[warn] kq_init: detected broken kqueue; not using.: Undefined error: 0
1493098206704	geckodriver	INFO	Listening on 127.0.0.1:62115
1493098206777	mozprofile::profile	INFO	Using profile path /var/folders/_s/9vgwfzdx23x6521lwjdxn5v80000gn/T/rust_mozprofile.D4A0i6Yaak8Q
1493098206778	geckodriver::marionette	INFO	Starting browser /Applications/Firefox.app/Contents/MacOS/firefox-bin
1493098206781	geckodriver::marionette	INFO	Connecting to Marionette on localhost:62122
[warn] kq_init: detected broken kqueue; not using.: Undefined error: 0
1493098207290	Marionette	INFO	Listening on port 62122
[warn] kq_init: detected broken kqueue; not using.: Undefined error: 0
1493098562173	geckodriver	INFO	Listening on 127.0.0.1:64033
1493098563323	mozprofile::profile	INFO	Using profile path /var/folders/_s/9vgwfzdx23x6521lwjdxn5v80000gn/T/rust_mozprofile.B0fpEi3G2rYx
1493098563324	geckodriver::marionette	INFO	Starting browser /Applications/Firefox.app/Contents/MacOS/firefox-bin
1493098563328	geckodriver::marionette	INFO	Connecting to Marionette on localhost:64049
[warn] kq_init: detected broken kqueue; not using.: Undefined error: 0
1493098564004	Marionette	INFO	Listening on port 64049
[warn] kq_init: detected broken kqueue; not using.: Undefined error: 0
JavaScript warning: http://cafe.naver.com/static/js/mycafe/common/storyphoto/original_viewer-1476780396000-41944.js, line 89: unreachable code after return statement
JavaScript warning: http://cafe.naver.com/static/js/mycafe/common/storyphoto/original_viewer-1476780396000-41944.js, line 134: unreachable code after return statement
JavaScript warning: http://cafe.naver.com/static/js/mycafe/common/storyphoto/original_viewer-1476780396000-41944.js, line 89: unreachable code after return statement
JavaScript warning: http://cafe.naver.com/static/js/mycafe/common/storyphoto/original_viewer-1476780396000-41944.js, line 134: unreachable code after return statement
1493099164660	geckodriver	INFO	Listening on 127.0.0.1:51398
1493099165725	mozprofile::profile	INFO	Using profile path /var/folders/_s/9vgwfzdx23x6521lwjdxn5v80000gn/T/rust_mozprofile.qtVkOaUf62w8
1493099165726	geckodriver::marionette	INFO	Starting browser /Applications/Firefox.app/Contents/MacOS/firefox-bin
1493099165730	geckodriver::marionette	INFO	Connecting to Marionette on localhost:51413
[warn] kq_init: detected broken kqueue; not using.: Undefined error: 0
1493099166319	Marionette	INFO	Listening on port 51413
[warn] kq_init: detected broken kqueue; not using.: Undefined error: 0
JavaScript warning: http://cafe.naver.com/static/js/mycafe/common/storyphoto/original_viewer-1476780396000-41944.js, line 89: unreachable code after return statement
JavaScript warning: http://cafe.naver.com/static/js/mycafe/common/storyphoto/original_viewer-1476780396000-41944.js, line 134: unreachable code after return statement
JavaScript warning: http://cafe.naver.com/static/js/mycafe/common/storyphoto/original_viewer-1476780396000-41944.js, line 89: unreachable code after return statement
JavaScript warning: http://cafe.naver.com/static/js/mycafe/common/storyphoto/original_viewer-1476780396000-41944.js, line 134: unreachable code after return statement
1493099289087	geckodriver	INFO	Listening on 127.0.0.1:52309
1493099290173	mozprofile::profile	INFO	Using profile path /var/folders/_s/9vgwfzdx23x6521lwjdxn5v80000gn/T/rust_mozprofile.5aNAGuRxUT0g
1493099290174	geckodriver::marionette	INFO	Starting browser /Applications/Firefox.app/Contents/MacOS/firefox-bin
1493099290178	geckodriver::marionette	INFO	Connecting to Marionette on localhost:52324
[warn] kq_init: detected broken kqueue; not using.: Undefined error: 0
1493099290896	Marionette	INFO	Listening on port 52324
[warn] kq_init: detected broken kqueue; not using.: Undefined error: 0
*************************
A coding exception was thrown and uncaught in a Task.

Full message: TypeError: NetworkError when attempting to fetch resource.
Full stack: 
*************************
JavaScript warning: http://cafe.naver.com/static/js/mycafe/common/storyphoto/original_viewer-1476780396000-41944.js, line 89: unreachable code after return statement
JavaScript warning: http://cafe.naver.com/static/js/mycafe/common/storyphoto/original_viewer-1476780396000-41944.js, line 134: unreachable code after return statement
JavaScript warning: http://cafe.naver.com/static/js/mycafe/common/storyphoto/original_viewer-1476780396000-41944.js, line 89: unreachable code after return statement
JavaScript warning: http://cafe.naver.com/static/js/mycafe/common/storyphoto/original_viewer-1476780396000-41944.js, line 134: unreachable code after return statement
1493099333659	geckodriver	INFO	Listening on 127.0.0.1:52739
1493099334741	mozprofile::profile	INFO	Using profile path /var/folders/_s/9vgwfzdx23x6521lwjdxn5v80000gn/T/rust_mozprofile.BF40Pd9Y126i
1493099334742	geckodriver::marionette	INFO	Starting browser /Applications/Firefox.app/Contents/MacOS/firefox-bin
1493099334745	geckodriver::marionette	INFO	Connecting to Marionette on localhost:52754
[warn] kq_init: detected broken kqueue; not using.: Undefined error: 0
1493099335467	Marionette	INFO	Listening on port 52754
[warn] kq_init: detected broken kqueue; not using.: Undefined error: 0
JavaScript warning: http://cafe.naver.com/static/js/mycafe/common/storyphoto/original_viewer-1476780396000-41944.js, line 89: unreachable code after return statement
JavaScript warning: http://cafe.naver.com/static/js/mycafe/common/storyphoto/original_viewer-1476780396000-41944.js, line 134: unreachable code after return statement
JavaScript warning: http://cafe.naver.com/static/js/mycafe/common/storyphoto/original_viewer-1476780396000-41944.js, line 89: unreachable code after return statement
JavaScript warning: http://cafe.naver.com/static/js/mycafe/common/storyphoto/original_viewer-1476780396000-41944.js, line 134: unreachable code after return statement
1493099367948	geckodriver	INFO	Listening on 127.0.0.1:53104
1493099369010	mozprofile::profile	INFO	Using profile path /var/folders/_s/9vgwfzdx23x6521lwjdxn5v80000gn/T/rust_mozprofile.w5wc22X4HOYE
1493099369011	geckodriver::marionette	INFO	Starting browser /Applications/Firefox.app/Contents/MacOS/firefox-bin
1493099369015	geckodriver::marionette	INFO	Connecting to Marionette on localhost:53119
[warn] kq_init: detected broken kqueue; not using.: Undefined error: 0
1493099369563	Marionette	INFO	Listening on port 53119
[warn] kq_init: detected broken kqueue; not using.: Undefined error: 0
JavaScript warning: http://cafe.naver.com/static/js/mycafe/common/storyphoto/original_viewer-1476780396000-41944.js, line 89: unreachable code after return statement
JavaScript warning: http://cafe.naver.com/static/js/mycafe/common/storyphoto/original_viewer-1476780396000-41944.js, line 134: unreachable code after return statement
JavaScript warning: http://cafe.naver.com/static/js/mycafe/common/storyphoto/original_viewer-1476780396000-41944.js, line 89: unreachable code after return statement
JavaScript warning: http://cafe.naver.com/static/js/mycafe/common/storyphoto/original_viewer-1476780396000-41944.js, line 134: unreachable code after return statement
1493099432113	geckodriver	INFO	Listening on 127.0.0.1:53654
1493099433190	mozprofile::profile	INFO	Using profile path /var/folders/_s/9vgwfzdx23x6521lwjdxn5v80000gn/T/rust_mozprofile.UwwhTDlUORlx
1493099433191	geckodriver::marionette	INFO	Starting browser /Applications/Firefox.app/Contents/MacOS/firefox-bin
1493099433195	geckodriver::marionette	INFO	Connecting to Marionette on localhost:53670
[warn] kq_init: detected broken kqueue; not using.: Undefined error: 0
1493099433755	Marionette	INFO	Listening on port 53670
[warn] kq_init: detected broken kqueue; not using.: Undefined error: 0
JavaScript warning: http://cafe.naver.com/static/js/mycafe/common/storyphoto/original_viewer-1476780396000-41944.js, line 89: unreachable code after return statement
JavaScript warning: http://cafe.naver.com/static/js/mycafe/common/storyphoto/original_viewer-1476780396000-41944.js, line 134: unreachable code after return statement
JavaScript warning: http://cafe.naver.com/static/js/mycafe/common/storyphoto/original_viewer-1476780396000-41944.js, line 89: unreachable code after return statement
JavaScript warning: http://cafe.naver.com/static/js/mycafe/common/storyphoto/original_viewer-1476780396000-41944.js, line 134: unreachable code after return statement
1493099518391	geckodriver	INFO	Listening on 127.0.0.1:54336
1493099519460	mozprofile::profile	INFO	Using profile path /var/folders/_s/9vgwfzdx23x6521lwjdxn5v80000gn/T/rust_mozprofile.RtjzV626Zd3s
1493099519461	geckodriver::marionette	INFO	Starting browser /Applications/Firefox.app/Contents/MacOS/firefox-bin
1493099519465	geckodriver::marionette	INFO	Connecting to Marionette on localhost:54351
[warn] kq_init: detected broken kqueue; not using.: Undefined error: 0
1493099519998	Marionette	INFO	Listening on port 54351
[warn] kq_init: detected broken kqueue; not using.: Undefined error: 0
JavaScript warning: http://cafe.naver.com/static/js/mycafe/common/storyphoto/original_viewer-1476780396000-41944.js, line 89: unreachable code after return statement
JavaScript warning: http://cafe.naver.com/static/js/mycafe/common/storyphoto/original_viewer-1476780396000-41944.js, line 134: unreachable code after return statement
JavaScript warning: http://cafe.naver.com/static/js/mycafe/common/storyphoto/original_viewer-1476780396000-41944.js, line 89: unreachable code after return statement
JavaScript warning: http://cafe.naver.com/static/js/mycafe/common/storyphoto/original_viewer-1476780396000-41944.js, line 134: unreachable code after return statement
1493099621086	geckodriver	INFO	Listening on 127.0.0.1:55108
1493099622238	mozprofile::profile	INFO	Using profile path /var/folders/_s/9vgwfzdx23x6521lwjdxn5v80000gn/T/rust_mozprofile.bSCzYpHCwL6l
1493099622239	geckodriver::marionette	INFO	Starting browser /Applications/Firefox.app/Contents/MacOS/firefox-bin
1493099622242	geckodriver::marionette	INFO	Connecting to Marionette on localhost:55123
[warn] kq_init: detected broken kqueue; not using.: Undefined error: 0
1493099622938	Marionette	INFO	Listening on port 55123
[warn] kq_init: detected broken kqueue; not using.: Undefined error: 0
JavaScript warning: http://cafe.naver.com/static/js/mycafe/common/storyphoto/original_viewer-1476780396000-41944.js, line 89: unreachable code after return statement
JavaScript warning: http://cafe.naver.com/static/js/mycafe/common/storyphoto/original_viewer-1476780396000-41944.js, line 134: unreachable code after return statement
JavaScript warning: http://cafe.naver.com/static/js/mycafe/common/storyphoto/original_viewer-1476780396000-41944.js, line 89: unreachable code after return statement
JavaScript warning: http://cafe.naver.com/static/js/mycafe/common/storyphoto/original_viewer-1476780396000-41944.js, line 134: unreachable code after return statement
1493099735579	geckodriver	INFO	Listening on 127.0.0.1:55974
1493099736645	mozprofile::profile	INFO	Using profile path /var/folders/_s/9vgwfzdx23x6521lwjdxn5v80000gn/T/rust_mozprofile.H47VbO8PBic0
1493099736646	geckodriver::marionette	INFO	Starting browser /Applications/Firefox.app/Contents/MacOS/firefox-bin
1493099736649	geckodriver::marionette	INFO	Connecting to Marionette on localhost:55989
[warn] kq_init: detected broken kqueue; not using.: Undefined error: 0
1493099737154	Marionette	INFO	Listening on port 55989
[warn] kq_init: detected broken kqueue; not using.: Undefined error: 0
JavaScript warning: http://cafe.naver.com/static/js/mycafe/common/storyphoto/original_viewer-1476780396000-41944.js, line 89: unreachable code after return statement
JavaScript warning: http://cafe.naver.com/static/js/mycafe/common/storyphoto/original_viewer-1476780396000-41944.js, line 134: unreachable code after return statement
JavaScript warning: http://cafe.naver.com/static/js/mycafe/common/storyphoto/original_viewer-1476780396000-41944.js, line 89: unreachable code after return statement
JavaScript warning: http://cafe.naver.com/static/js/mycafe/common/storyphoto/original_viewer-1476780396000-41944.js, line 134: unreachable code after return statement
